2021-06-01 21:54:48,674 INFO  [Log] Successfully Lanch the Browser 
2021-06-01 21:55:06,542 INFO  [Log] Successfully Open the Application 
2021-06-01 21:55:06,547 INFO  [Log] **************************************************************************************** 
2021-06-01 21:55:06,547 INFO  [Log] **************************************************************************************** 
2021-06-01 21:55:06,547 INFO  [Log] $$$$$$$$$$$$$$$$$$$$$                 verifyFundsTranfer       $$$$$$$$$$$$$$$$$$$$$$$$$ 
2021-06-01 21:55:06,548 INFO  [Log] **************************************************************************************** 
2021-06-01 21:55:06,549 INFO  [Log] **************************************************************************************** 
2021-06-01 21:55:13,797 INFO  [Log] Successfully Login 
2021-06-01 21:55:18,866 INFO  [Log] Successfully TransferAmount 
2021-06-01 21:55:20,480 INFO  [Log] Successfully Close the Browser 
2021-06-01 21:55:27,461 INFO  [Log] Successfully Lanch the Browser 
2021-06-01 21:55:38,184 INFO  [Log] Successfully Open the Application 
2021-06-01 21:55:38,186 INFO  [Log] **************************************************************************************** 
2021-06-01 21:55:38,186 INFO  [Log] **************************************************************************************** 
2021-06-01 21:55:38,186 INFO  [Log] $$$$$$$$$$$$$$$$$$$$$                 verifyMiniStatement       $$$$$$$$$$$$$$$$$$$$$$$$$ 
2021-06-01 21:55:38,187 INFO  [Log] **************************************************************************************** 
2021-06-01 21:55:38,187 INFO  [Log] **************************************************************************************** 
2021-06-01 21:55:41,567 INFO  [Log] Successfully Login 
2021-06-01 21:55:45,552 INFO  [Log] Successfully EditEmployee 
2021-06-01 21:55:46,982 INFO  [Log] Successfully Close the Browser 
2021-06-01 21:55:54,786 INFO  [Log] Successfully Lanch the Browser 
2021-06-01 21:56:02,428 INFO  [Log] Successfully Open the Application 
2021-06-01 21:56:02,429 INFO  [Log] **************************************************************************************** 
2021-06-01 21:56:02,429 INFO  [Log] **************************************************************************************** 
2021-06-01 21:56:02,429 INFO  [Log] $$$$$$$$$$$$$$$$$$$$$                 DepositAmountTest       $$$$$$$$$$$$$$$$$$$$$$$$$ 
2021-06-01 21:56:02,429 INFO  [Log] **************************************************************************************** 
2021-06-01 21:56:02,429 INFO  [Log] **************************************************************************************** 
2021-06-01 21:56:05,595 INFO  [Log] Successfully Login 
2021-06-01 21:56:09,541 INFO  [Log] Successfully AddDepositeAmount 
2021-06-01 21:56:10,495 INFO  [Log] Successfully Close the Browser 
2021-06-01 21:56:16,160 INFO  [Log] Successfully Lanch the Browser 
2021-06-01 21:56:24,490 INFO  [Log] Successfully Open the Application 
2021-06-01 21:56:24,492 INFO  [Log] **************************************************************************************** 
2021-06-01 21:56:24,492 INFO  [Log] **************************************************************************************** 
2021-06-01 21:56:24,493 INFO  [Log] $$$$$$$$$$$$$$$$$$$$$                 verifyWithdrowAmount       $$$$$$$$$$$$$$$$$$$$$$$$$ 
2021-06-01 21:56:24,493 INFO  [Log] **************************************************************************************** 
2021-06-01 21:56:24,493 INFO  [Log] **************************************************************************************** 
2021-06-01 21:56:27,554 INFO  [Log] Successfully Login 
2021-06-01 21:56:29,422 INFO  [Log] Successfully WithdrowAmount 
2021-06-01 21:56:31,298 INFO  [Log] Successfully Close the Browser 
2021-06-01 21:56:36,139 INFO  [Log] Successfully Lanch the Browser 
2021-06-01 21:56:48,903 INFO  [Log] Successfully Open the Application 
2021-06-01 21:56:48,904 INFO  [Log] **************************************************************************************** 
2021-06-01 21:56:48,904 INFO  [Log] **************************************************************************************** 
2021-06-01 21:56:48,904 INFO  [Log] $$$$$$$$$$$$$$$$$$$$$                 verifyEditCustomerDetails       $$$$$$$$$$$$$$$$$$$$$$$$$ 
2021-06-01 21:56:48,904 INFO  [Log] **************************************************************************************** 
2021-06-01 21:56:48,904 INFO  [Log] **************************************************************************************** 
2021-06-01 21:56:51,948 INFO  [Log] Successfully Login 
2021-06-01 21:56:56,756 INFO  [Log] Successfully AddNewAccount 
2021-06-01 21:57:02,522 INFO  [Log] Successfully Close the Browser 
2021-06-01 21:57:06,834 INFO  [Log] Successfully Lanch the Browser 
2021-06-01 21:57:19,190 INFO  [Log] Successfully Open the Application 
2021-06-01 21:57:19,191 INFO  [Log] **************************************************************************************** 
2021-06-01 21:57:19,191 INFO  [Log] **************************************************************************************** 
2021-06-01 21:57:19,191 INFO  [Log] $$$$$$$$$$$$$$$$$$$$$                 verifyvaliedcredentals       $$$$$$$$$$$$$$$$$$$$$$$$$ 
2021-06-01 21:57:19,191 INFO  [Log] **************************************************************************************** 
2021-06-01 21:57:19,192 INFO  [Log] **************************************************************************************** 
2021-06-01 21:58:55,646 INFO  [Log] Successfully Login 
2021-06-01 21:58:56,697 INFO  [Log] Successfully Close the Browser 
2021-06-01 21:59:03,482 INFO  [Log] Successfully Lanch the Browser 
2021-06-01 21:59:55,208 INFO  [Log] Successfully Lanch the Browser 
2021-06-01 22:00:51,536 INFO  [Log] Successfully Lanch the Browser 
2021-06-02 15:40:48,571 INFO  [Log] Successfully Lanch the Browser 
2021-06-02 15:40:57,422 INFO  [Log] Successfully Open the Application 
2021-06-02 15:40:57,427 INFO  [Log] **************************************************************************************** 
2021-06-02 15:40:57,427 INFO  [Log] **************************************************************************************** 
2021-06-02 15:40:57,428 INFO  [Log] $$$$$$$$$$$$$$$$$$$$$                 verifyFundsTranfer       $$$$$$$$$$$$$$$$$$$$$$$$$ 
2021-06-02 15:40:57,428 INFO  [Log] **************************************************************************************** 
2021-06-02 15:40:57,428 INFO  [Log] **************************************************************************************** 
2021-06-02 15:41:02,331 INFO  [Log] Successfully Login 
2021-06-02 15:41:06,548 INFO  [Log] Successfully TransferAmount 
2021-06-02 15:41:08,557 INFO  [Log] Successfully Close the Browser 
2021-06-02 15:41:20,929 INFO  [Log] Successfully Lanch the Browser 
2021-06-02 15:41:28,881 INFO  [Log] Successfully Open the Application 
2021-06-02 15:41:28,881 INFO  [Log] **************************************************************************************** 
2021-06-02 15:41:28,881 INFO  [Log] **************************************************************************************** 
2021-06-02 15:41:28,881 INFO  [Log] $$$$$$$$$$$$$$$$$$$$$                 verifyMiniStatement       $$$$$$$$$$$$$$$$$$$$$$$$$ 
2021-06-02 15:41:28,881 INFO  [Log] **************************************************************************************** 
2021-06-02 15:41:28,881 INFO  [Log] **************************************************************************************** 
2021-06-02 15:41:33,159 INFO  [Log] Successfully Login 
2021-06-02 15:41:35,968 INFO  [Log] Successfully EditEmployee 
2021-06-02 15:41:37,247 INFO  [Log] Successfully Close the Browser 
2021-06-02 15:41:53,842 INFO  [Log] Successfully Lanch the Browser 
2021-06-02 15:42:00,347 INFO  [Log] Successfully Open the Application 
2021-06-02 15:42:00,350 INFO  [Log] **************************************************************************************** 
2021-06-02 15:42:00,350 INFO  [Log] **************************************************************************************** 
2021-06-02 15:42:00,386 INFO  [Log] $$$$$$$$$$$$$$$$$$$$$                 DepositAmountTest       $$$$$$$$$$$$$$$$$$$$$$$$$ 
2021-06-02 15:42:00,386 INFO  [Log] **************************************************************************************** 
2021-06-02 15:42:00,386 INFO  [Log] **************************************************************************************** 
2021-06-02 15:42:02,750 INFO  [Log] Successfully Login 
2021-06-02 15:42:05,163 INFO  [Log] Successfully AddDepositeAmount 
2021-06-02 15:42:06,060 INFO  [Log] Successfully Close the Browser 
2021-06-02 15:52:24,886 INFO  [Log] Successfully Lanch the Browser 
2021-06-02 15:52:31,442 INFO  [Log] Successfully Open the Application 
2021-06-02 15:52:31,444 INFO  [Log] **************************************************************************************** 
2021-06-02 15:52:31,444 INFO  [Log] **************************************************************************************** 
2021-06-02 15:52:31,444 INFO  [Log] $$$$$$$$$$$$$$$$$$$$$                 verifyFundsTranfer       $$$$$$$$$$$$$$$$$$$$$$$$$ 
2021-06-02 15:52:31,444 INFO  [Log] **************************************************************************************** 
2021-06-02 15:52:31,444 INFO  [Log] **************************************************************************************** 
2021-06-02 15:52:35,689 INFO  [Log] Successfully Login 
2021-06-02 15:52:38,343 INFO  [Log] Successfully TransferAmount 
2021-06-02 15:52:40,216 INFO  [Log] Successfully Close the Browser 
2021-06-02 15:52:46,460 INFO  [Log] Successfully Lanch the Browser 
2021-06-02 15:52:55,695 INFO  [Log] Successfully Open the Application 
2021-06-02 15:52:55,697 INFO  [Log] **************************************************************************************** 
2021-06-02 15:52:55,697 INFO  [Log] **************************************************************************************** 
2021-06-02 15:52:55,697 INFO  [Log] $$$$$$$$$$$$$$$$$$$$$                 verifyMiniStatement       $$$$$$$$$$$$$$$$$$$$$$$$$ 
2021-06-02 15:52:55,697 INFO  [Log] **************************************************************************************** 
2021-06-02 15:52:55,697 INFO  [Log] **************************************************************************************** 
2021-06-02 15:52:57,596 INFO  [Log] Successfully Login 
2021-06-02 15:53:00,058 INFO  [Log] Successfully EditEmployee 
2021-06-02 15:53:01,175 INFO  [Log] Successfully Close the Browser 
2021-06-02 15:53:03,880 INFO  [Log] Successfully Lanch the Browser 
2021-06-02 15:53:11,881 INFO  [Log] Successfully Open the Application 
2021-06-02 15:53:11,882 INFO  [Log] **************************************************************************************** 
2021-06-02 15:53:11,882 INFO  [Log] **************************************************************************************** 
2021-06-02 15:53:11,882 INFO  [Log] $$$$$$$$$$$$$$$$$$$$$                 DepositAmountTest       $$$$$$$$$$$$$$$$$$$$$$$$$ 
2021-06-02 15:53:11,882 INFO  [Log] **************************************************************************************** 
2021-06-02 15:53:11,882 INFO  [Log] **************************************************************************************** 
2021-06-02 15:53:16,850 INFO  [Log] Successfully Login 
2021-06-02 15:53:19,854 INFO  [Log] Successfully AddDepositeAmount 
2021-06-02 15:53:20,832 INFO  [Log] Successfully Close the Browser 
2021-06-02 16:29:20,247 INFO  [Log] Successfully Lanch the Browser 
2021-06-02 16:29:36,700 INFO  [Log] Successfully Open the Application 
2021-06-02 16:29:36,705 INFO  [Log] **************************************************************************************** 
2021-06-02 16:29:36,705 INFO  [Log] **************************************************************************************** 
2021-06-02 16:29:36,705 INFO  [Log] $$$$$$$$$$$$$$$$$$$$$                 verifyFundsTranfer       $$$$$$$$$$$$$$$$$$$$$$$$$ 
2021-06-02 16:29:36,706 INFO  [Log] **************************************************************************************** 
2021-06-02 16:29:36,706 INFO  [Log] **************************************************************************************** 
2021-06-02 16:29:41,238 INFO  [Log] Successfully Login 
2021-06-02 16:29:45,594 INFO  [Log] Successfully TransferAmount 
2021-06-02 16:29:47,573 INFO  [Log] Successfully Close the Browser 
2021-06-02 16:30:20,120 INFO  [Log] Successfully Lanch the Browser 
2021-06-02 16:30:28,118 INFO  [Log] Successfully Open the Application 
2021-06-02 16:30:28,121 INFO  [Log] **************************************************************************************** 
2021-06-02 16:30:28,121 INFO  [Log] **************************************************************************************** 
2021-06-02 16:30:28,122 INFO  [Log] $$$$$$$$$$$$$$$$$$$$$                 verifyMiniStatement       $$$$$$$$$$$$$$$$$$$$$$$$$ 
2021-06-02 16:30:28,122 INFO  [Log] **************************************************************************************** 
2021-06-02 16:30:28,123 INFO  [Log] **************************************************************************************** 
2021-06-02 16:30:33,156 INFO  [Log] Successfully Login 
2021-06-02 16:30:36,564 INFO  [Log] Successfully EditEmployee 
2021-06-02 16:30:37,672 INFO  [Log] Successfully Close the Browser 
2021-06-02 16:30:45,359 INFO  [Log] Successfully Lanch the Browser 
2021-06-02 16:30:53,003 INFO  [Log] Successfully Open the Application 
2021-06-02 16:30:53,004 INFO  [Log] **************************************************************************************** 
2021-06-02 16:30:53,004 INFO  [Log] **************************************************************************************** 
2021-06-02 16:30:53,004 INFO  [Log] $$$$$$$$$$$$$$$$$$$$$                 DepositAmountTest       $$$$$$$$$$$$$$$$$$$$$$$$$ 
2021-06-02 16:30:53,004 INFO  [Log] **************************************************************************************** 
2021-06-02 16:30:53,004 INFO  [Log] **************************************************************************************** 
2021-06-02 16:30:55,626 INFO  [Log] Successfully Login 
2021-06-02 16:30:59,765 INFO  [Log] Successfully AddDepositeAmount 
2021-06-02 16:31:00,986 INFO  [Log] Successfully Close the Browser 
2021-06-02 17:03:49,720 INFO  [Log] Successfully Lanch the Browser 
2021-06-02 17:03:55,481 INFO  [Log] Successfully Open the Application 
2021-06-02 17:03:55,484 INFO  [Log] **************************************************************************************** 
2021-06-02 17:03:55,484 INFO  [Log] **************************************************************************************** 
2021-06-02 17:03:55,484 INFO  [Log] $$$$$$$$$$$$$$$$$$$$$                 verifyFundsTranfer       $$$$$$$$$$$$$$$$$$$$$$$$$ 
2021-06-02 17:03:55,484 INFO  [Log] **************************************************************************************** 
2021-06-02 17:03:55,485 INFO  [Log] **************************************************************************************** 
2021-06-02 17:04:00,752 INFO  [Log] Successfully Login 
2021-06-02 17:04:05,162 INFO  [Log] Successfully TransferAmount 
2021-06-02 17:04:08,012 INFO  [Log] Successfully Close the Browser 
2021-06-02 17:04:15,952 INFO  [Log] Successfully Lanch the Browser 
2021-06-02 17:04:22,263 INFO  [Log] Successfully Open the Application 
2021-06-02 17:04:22,265 INFO  [Log] **************************************************************************************** 
2021-06-02 17:04:22,265 INFO  [Log] **************************************************************************************** 
2021-06-02 17:04:22,265 INFO  [Log] $$$$$$$$$$$$$$$$$$$$$                 verifyMiniStatement       $$$$$$$$$$$$$$$$$$$$$$$$$ 
2021-06-02 17:04:22,265 INFO  [Log] **************************************************************************************** 
2021-06-02 17:04:22,284 INFO  [Log] **************************************************************************************** 
2021-06-02 17:04:24,713 INFO  [Log] Successfully Login 
2021-06-02 17:04:31,618 INFO  [Log] Successfully EditEmployee 
2021-06-02 17:04:33,013 INFO  [Log] Successfully Close the Browser 
2021-06-02 17:04:39,312 INFO  [Log] Successfully Lanch the Browser 
2021-06-02 17:04:45,384 INFO  [Log] Successfully Open the Application 
2021-06-02 17:04:45,391 INFO  [Log] **************************************************************************************** 
2021-06-02 17:04:45,391 INFO  [Log] **************************************************************************************** 
2021-06-02 17:04:45,391 INFO  [Log] $$$$$$$$$$$$$$$$$$$$$                 DepositAmountTest       $$$$$$$$$$$$$$$$$$$$$$$$$ 
2021-06-02 17:04:45,391 INFO  [Log] **************************************************************************************** 
2021-06-02 17:04:45,392 INFO  [Log] **************************************************************************************** 
2021-06-02 17:04:48,073 INFO  [Log] Successfully Login 
2021-06-02 17:04:52,164 INFO  [Log] Successfully AddDepositeAmount 
2021-06-02 17:04:52,870 INFO  [Log] Successfully Close the Browser 
